[INFO ] 2022-06-30 21:02:55.690 [main] HybridFrameworkBatch34 - url is entered
[INFO ] 2022-06-30 21:02:55.720 [main] HybridFrameworkBatch34 - cookies deleted
[INFO ] 2022-06-30 21:02:55.734 [main] HybridFrameworkBatch34 - window is maximized
[INFO ] 2022-06-30 21:03:01.198 [main] HybridFrameworkBatch34 - MainPage Login button is Clicked
[INFO ] 2022-06-30 21:03:07.442 [main] HybridFrameworkBatch34 - credentials is entered
[INFO ] 2022-06-30 21:03:07.707 [main] HybridFrameworkBatch34 - Click on Login button
[INFO ] 2022-06-30 21:26:39.137 [main] HybridFrameworkBatch34 - url is entered
[INFO ] 2022-06-30 21:26:39.435 [main] HybridFrameworkBatch34 - cookies deleted
[INFO ] 2022-06-30 21:26:39.632 [main] HybridFrameworkBatch34 - window is maximized
[INFO ] 2022-06-30 21:26:53.310 [main] HybridFrameworkBatch34 - MainPage Login button is Clicked
[INFO ] 2022-06-30 21:26:54.853 [main] HybridFrameworkBatch34 - credentials is entered
[INFO ] 2022-06-30 21:26:54.977 [main] HybridFrameworkBatch34 - Click on Login button
[INFO ] 2022-06-30 21:32:28.646 [main] HybridFrameworkBatch34 - url is entered
[INFO ] 2022-06-30 21:32:29.015 [main] HybridFrameworkBatch34 - cookies deleted
[INFO ] 2022-06-30 21:32:29.168 [main] HybridFrameworkBatch34 - window is maximized
[INFO ] 2022-06-30 21:32:51.078 [main] HybridFrameworkBatch34 - MainPage Login button is Clicked
[INFO ] 2022-06-30 21:32:52.532 [main] HybridFrameworkBatch34 - credentials is entered
[INFO ] 2022-06-30 21:32:52.627 [main] HybridFrameworkBatch34 - Click on Login button
[INFO ] 2022-06-30 21:33:18.133 [main] HybridFrameworkBatch34 - Clicked on Logout button
[INFO ] 2022-07-01 19:40:42.526 [main] HybridFrameworkBatch34 - url is entered
[INFO ] 2022-07-01 19:40:43.187 [main] HybridFrameworkBatch34 - cookies deleted
[INFO ] 2022-07-01 19:40:43.438 [main] HybridFrameworkBatch34 - window is maximized
[INFO ] 2022-07-01 19:41:02.574 [main] HybridFrameworkBatch34 - MainPage Login button is Clicked
[INFO ] 2022-07-01 19:41:04.652 [main] HybridFrameworkBatch34 - credentials is entered
[INFO ] 2022-07-01 19:41:04.936 [main] HybridFrameworkBatch34 - Click on Login button
[INFO ] 2022-07-01 19:41:26.952 [main] HybridFrameworkBatch34 - Clicked on Logout button
[INFO ] 2022-07-01 19:49:48.785 [main] HybridFrameworkBatch34 - url is entered
[INFO ] 2022-07-01 19:49:49.206 [main] HybridFrameworkBatch34 - cookies deleted
[INFO ] 2022-07-01 19:49:49.387 [main] HybridFrameworkBatch34 - window is maximized
[INFO ] 2022-07-01 19:50:03.147 [main] HybridFrameworkBatch34 - MainPage Login button is Clicked
[INFO ] 2022-07-01 19:50:04.651 [main] HybridFrameworkBatch34 - credentials is entered
[INFO ] 2022-07-01 19:50:04.749 [main] HybridFrameworkBatch34 - Click on Login button
[INFO ] 2022-07-01 19:50:26.647 [main] HybridFrameworkBatch34 - Clicked on Logout button
[INFO ] 2022-07-01 19:52:00.837 [main] HybridFrameworkBatch34 - url is entered
[INFO ] 2022-07-01 19:52:01.387 [main] HybridFrameworkBatch34 - cookies deleted
[INFO ] 2022-07-01 19:52:01.565 [main] HybridFrameworkBatch34 - window is maximized
[INFO ] 2022-07-01 19:52:12.087 [main] HybridFrameworkBatch34 - MainPage Login button is Clicked
[INFO ] 2022-07-01 19:52:13.658 [main] HybridFrameworkBatch34 - credentials is entered
[INFO ] 2022-07-01 20:00:26.915 [main] HybridFrameworkBatch34 - url is entered
[INFO ] 2022-07-01 20:00:28.880 [main] HybridFrameworkBatch34 - cookies deleted
[INFO ] 2022-07-01 20:00:29.121 [main] HybridFrameworkBatch34 - window is maximized
[INFO ] 2022-07-01 20:00:43.136 [main] HybridFrameworkBatch34 - MainPage Login button is Clicked
[INFO ] 2022-07-01 20:00:44.696 [main] HybridFrameworkBatch34 - credentials is entered
[INFO ] 2022-07-01 20:00:44.795 [main] HybridFrameworkBatch34 - Click on Login button
[INFO ] 2022-07-01 20:01:27.777 [main] HybridFrameworkBatch34 - Clicked on Logout button
[INFO ] 2022-07-01 20:04:33.632 [main] HybridFrameworkBatch34 - url is entered
